TN:
SF:src/modules/appointments/services/CreateAppointmentService.ts
FN:17,CreateAppointmentService
FN:24,Object.<anonymous>.CreateAppointmentService.execute
FNF:2
FNH:2
FNDA:2,CreateAppointmentService
FNDA:3,Object.<anonymous>.CreateAppointmentService.execute
DA:1,1
DA:2,1
DA:3,1
DA:4,1
DA:5,1
DA:6,1
DA:7,1
DA:8,1
DA:9,1
DA:10,1
DA:11,1
DA:12,1
DA:13,1
DA:14,1
DA:15,1
DA:16,1
DA:17,1
DA:18,2
DA:19,2
DA:20,2
DA:21,2
DA:22,2
DA:23,1
DA:24,1
DA:25,3
DA:26,3
DA:27,3
DA:28,3
DA:29,3
DA:30,3
DA:31,3
DA:32,1
DA:33,1
DA:34,2
DA:35,2
DA:36,2
DA:37,2
DA:38,2
DA:39,3
DA:40,3
DA:41,3
DA:42,1
DA:43,1
DA:44,1
LF:44
LH:44
BRDA:14,0,0,1
BRDA:17,1,0,2
BRDA:24,2,0,3
BRDA:31,3,0,1
BRDA:34,4,0,2
BRF:5
BRH:5
end_of_record
TN:
SF:src/modules/users/services/AuthenticateUserService.ts
FN:27,AuthenticateUserService
FN:37,Object.<anonymous>.AuthenticateUserService.execute
FNF:2
FNH:2
FNDA:3,AuthenticateUserService
FNDA:3,Object.<anonymous>.AuthenticateUserService.execute
DA:1,1
DA:2,1
DA:3,1
DA:4,1
DA:5,1
DA:6,1
DA:7,1
DA:8,1
DA:9,1
DA:10,1
DA:11,1
DA:12,1
DA:13,1
DA:14,1
DA:15,1
DA:16,1
DA:17,1
DA:18,1
DA:19,1
DA:20,1
DA:21,1
DA:22,1
DA:23,1
DA:24,1
DA:25,1
DA:26,1
DA:27,1
DA:28,3
DA:29,3
DA:30,3
DA:31,3
DA:32,3
DA:33,3
DA:34,3
DA:35,3
DA:36,1
DA:37,1
DA:38,3
DA:39,3
DA:40,3
DA:41,1
DA:42,1
DA:43,2
DA:44,2
DA:45,2
DA:46,2
DA:47,2
DA:48,3
DA:49,3
DA:50,1
DA:51,1
DA:52,1
DA:53,1
DA:54,1
DA:55,1
DA:56,1
DA:57,1
DA:58,1
DA:59,3
DA:60,1
LF:60
LH:60
BRDA:22,0,0,1
BRDA:27,1,0,3
BRDA:37,2,0,3
BRDA:38,3,0,3
BRDA:40,4,0,1
BRDA:43,5,0,2
BRDA:49,6,0,1
BRF:7
BRH:7
end_of_record
TN:
SF:src/modules/users/services/CreateUserService.ts
FN:20,CreateUserService
FN:30,Object.<anonymous>.CreateUserService.execute
FNF:2
FNH:2
FNDA:5,CreateUserService
FNDA:5,Object.<anonymous>.CreateUserService.execute
DA:1,1
DA:2,1
DA:3,1
DA:4,1
DA:5,1
DA:6,1
DA:7,1
DA:8,1
DA:9,1
DA:10,1
DA:11,1
DA:12,1
DA:13,1
DA:14,1
DA:15,2
DA:16,2
DA:17,2
DA:18,2
DA:19,2
DA:20,2
DA:21,5
DA:22,5
DA:23,5
DA:24,5
DA:25,5
DA:26,5
DA:27,5
DA:28,5
DA:29,2
DA:30,2
DA:31,5
DA:32,5
DA:33,5
DA:34,1
DA:35,1
DA:36,4
DA:37,4
DA:38,5
DA:39,5
DA:40,5
DA:41,5
DA:42,5
DA:43,5
DA:44,5
DA:45,5
DA:46,5
DA:47,2
LF:47
LH:47
BRDA:15,0,0,2
BRDA:20,1,0,5
BRDA:30,2,0,5
BRDA:31,3,0,5
BRDA:33,4,0,1
BRDA:36,5,0,4
BRF:6
BRH:6
end_of_record
TN:
SF:src/modules/users/services/ResetPasswordService.ts
FN:22,ResetPasswordService
FN:35,Object.<anonymous>.ResetPasswordService.execute
FNF:2
FNH:2
FNDA:4,ResetPasswordService
FNDA:4,Object.<anonymous>.ResetPasswordService.execute
DA:1,1
DA:2,1
DA:3,1
DA:4,1
DA:5,1
DA:6,1
DA:7,1
DA:8,1
DA:9,1
DA:10,1
DA:11,1
DA:12,1
DA:13,1
DA:14,1
DA:15,1
DA:16,1
DA:17,1
DA:18,1
DA:19,1
DA:20,1
DA:21,1
DA:22,1
DA:23,4
DA:24,4
DA:25,4
DA:26,4
DA:27,4
DA:28,4
DA:29,4
DA:30,4
DA:31,4
DA:32,4
DA:33,4
DA:34,1
DA:35,1
DA:36,4
DA:37,4
DA:38,4
DA:39,1
DA:40,1
DA:41,3
DA:42,3
DA:43,4
DA:44,4
DA:45,1
DA:46,1
DA:47,2
DA:48,2
DA:49,2
DA:50,4
DA:51,1
DA:52,1
DA:53,1
DA:54,1
DA:55,4
DA:56,4
DA:57,4
DA:58,1
LF:58
LH:58
BRDA:15,0,0,1
BRDA:22,1,0,4
BRDA:35,2,0,4
BRDA:36,3,0,4
BRDA:38,4,0,1
BRDA:41,5,0,3
BRDA:44,6,0,1
BRDA:47,7,0,2
BRDA:50,8,0,1
BRF:9
BRH:9
end_of_record
TN:
SF:src/modules/users/services/SendForgotPasswordEmailService.ts
FN:21,SendForgotPasswordEmailService
FN:36,Object.<anonymous>.SendForgotPasswordEmailService.execute
FNF:2
FNH:2
FNDA:3,SendForgotPasswordEmailService
FNDA:3,Object.<anonymous>.SendForgotPasswordEmailService.execute
DA:1,1
DA:2,1
DA:3,1
DA:4,1
DA:5,1
DA:6,1
DA:7,1
DA:8,1
DA:9,1
DA:10,1
DA:11,1
DA:12,1
DA:13,1
DA:14,1
DA:15,1
DA:16,1
DA:17,1
DA:18,1
DA:19,1
DA:20,1
DA:21,1
DA:22,3
DA:23,3
DA:24,3
DA:25,3
DA:26,3
DA:27,3
DA:28,3
DA:29,3
DA:30,3
DA:31,3
DA:32,3
DA:33,3
DA:34,3
DA:35,1
DA:36,1
DA:37,3
DA:38,3
DA:39,3
DA:40,1
DA:41,1
DA:42,2
DA:43,2
DA:44,3
DA:45,3
DA:46,3
DA:47,3
DA:48,3
DA:49,3
DA:50,3
DA:51,3
DA:52,3
DA:53,3
DA:54,3
DA:55,3
DA:56,3
DA:57,3
DA:58,3
DA:59,3
DA:60,3
DA:61,3
DA:62,3
DA:63,3
DA:64,3
DA:65,3
DA:66,3
DA:67,1
LF:67
LH:67
BRDA:14,0,0,1
BRDA:21,1,0,3
BRDA:36,2,0,3
BRDA:37,3,0,3
BRDA:39,4,0,1
BRDA:42,5,0,2
BRF:6
BRH:6
end_of_record
TN:
SF:src/modules/users/services/ShowProfileService.ts
FN:15,ShowProfileService
FN:22,Object.<anonymous>.ShowProfileService.execute
FNF:2
FNH:2
FNDA:2,ShowProfileService
FNDA:2,Object.<anonymous>.ShowProfileService.execute
DA:1,1
DA:2,1
DA:3,1
DA:4,1
DA:5,1
DA:6,1
DA:7,1
DA:8,1
DA:9,1
DA:10,1
DA:11,1
DA:12,1
DA:13,1
DA:14,1
DA:15,1
DA:16,2
DA:17,2
DA:18,2
DA:19,2
DA:20,2
DA:21,1
DA:22,1
DA:23,2
DA:24,2
DA:25,2
DA:26,1
DA:27,1
DA:28,1
DA:29,1
DA:30,2
DA:31,1
LF:31
LH:31
BRDA:12,0,0,1
BRDA:15,1,0,2
BRDA:22,2,0,2
BRDA:23,3,0,2
BRDA:25,4,0,1
BRF:5
BRH:5
end_of_record
TN:
SF:src/modules/users/services/UpdateProfileService.ts
FN:22,UpdateProfileService
FN:32,Object.<anonymous>.UpdateProfileService.execute
FNF:2
FNH:2
FNDA:6,UpdateProfileService
FNDA:6,Object.<anonymous>.UpdateProfileService.execute
DA:1,1
DA:2,1
DA:3,1
DA:4,1
DA:5,1
DA:6,1
DA:7,1
DA:8,1
DA:9,1
DA:10,1
DA:11,1
DA:12,1
DA:13,1
DA:14,1
DA:15,1
DA:16,1
DA:17,1
DA:18,1
DA:19,1
DA:20,1
DA:21,1
DA:22,1
DA:23,6
DA:24,6
DA:25,6
DA:26,6
DA:27,6
DA:28,6
DA:29,6
DA:30,6
DA:31,1
DA:32,1
DA:33,6
DA:34,6
DA:35,6
DA:36,6
DA:37,6
DA:38,6
DA:39,6
DA:40,6
DA:41,6
DA:42,1
DA:43,1
DA:44,5
DA:45,5
DA:46,6
DA:47,6
DA:48,1
DA:49,1
DA:50,4
DA:51,4
DA:52,4
DA:53,4
DA:54,6
DA:55,2
DA:56,2
DA:57,2
DA:58,2
DA:59,6
DA:60,6
DA:61,1
DA:62,1
DA:63,1
DA:64,1
DA:65,6
DA:66,6
DA:67,6
DA:68,6
DA:69,6
DA:70,6
DA:71,1
LF:71
LH:71
BRDA:17,0,0,1
BRDA:22,1,0,6
BRDA:32,2,0,6
BRDA:39,3,0,6
BRDA:41,4,0,1
BRDA:44,5,0,5
BRDA:47,6,0,1
BRDA:47,7,0,1
BRDA:50,8,0,4
BRDA:54,9,0,3
BRDA:54,10,0,2
BRDA:60,11,0,1
BRDA:65,12,0,1
BRDA:69,13,0,2
BRF:14
BRH:14
end_of_record
TN:
SF:src/modules/users/services/UpdateUserAvatarService.ts
FN:19,UpdateUserAvatarService
FN:29,Object.<anonymous>.UpdateUserAvatarService.execute
FNF:2
FNH:2
FNDA:3,UpdateUserAvatarService
FNDA:4,Object.<anonymous>.UpdateUserAvatarService.execute
DA:1,1
DA:2,1
DA:3,1
DA:4,1
DA:5,1
DA:6,1
DA:7,1
DA:8,1
DA:9,1
DA:10,1
DA:11,1
DA:12,1
DA:13,1
DA:14,1
DA:15,1
DA:16,1
DA:17,1
DA:18,1
DA:19,1
DA:20,3
DA:21,3
DA:22,3
DA:23,3
DA:24,3
DA:25,3
DA:26,3
DA:27,3
DA:28,1
DA:29,1
DA:30,4
DA:31,4
DA:32,4
DA:33,1
DA:34,1
DA:35,3
DA:36,3
DA:37,1
DA:38,4
DA:39,4
DA:40,4
DA:41,4
DA:42,4
DA:43,4
DA:44,4
DA:45,4
DA:46,4
DA:47,4
DA:48,1
LF:48
LH:48
BRDA:14,0,0,1
BRDA:19,1,0,3
BRDA:29,2,0,4
BRDA:30,3,0,4
BRDA:32,4,0,1
BRDA:35,5,0,3
BRDA:36,6,0,2
BRDA:36,7,0,1
BRDA:40,8,0,3
BRF:9
BRH:9
end_of_record
